2024-12-17 19:08:45,034 - INFO - Search query for emotion 'starter': lover diljit
2024-12-17 19:08:45,034 - INFO - Searching for song: lover diljit
2024-12-17 19:08:45,588 - INFO - Fetching related songs for video_id: KLBtgOzNAgI, artists: Diljit Dosanjh
2024-12-17 19:15:25,494 - INFO - Search query for emotion 'starter': lover diljit
2024-12-17 19:15:25,494 - INFO - Searching for song: lover diljit
2024-12-17 19:15:26,059 - INFO - Fetching related songs for video_id: KLBtgOzNAgI, artists: Diljit Dosanjh
2024-12-17 19:28:45,084 - INFO - Search query for emotion 'starter': lover diljit
2024-12-17 19:28:45,085 - INFO - Searching for song: lover diljit
2024-12-17 19:28:45,749 - INFO - Fetching related songs for video_id: KLBtgOzNAgI, artists: Diljit Dosanjh
2024-12-17 19:28:51,355 - INFO - Search query for emotion 'happy': heat waves-glass animals
2024-12-17 19:28:51,746 - INFO - Searching for song: heat waves-glass animals
2024-12-17 19:28:52,336 - INFO - Fetching related songs for video_id: XDjB9E3YtUE, artists: Glass Animals
2024-12-17 20:22:13,886 - INFO - Search query for emotion 'starter': lover diljit
2024-12-17 20:22:13,886 - INFO - Searching for song: lover diljit
2024-12-17 20:22:14,507 - INFO - Fetching related songs for video_id: KLBtgOzNAgI, artists: Diljit Dosanjh
2024-12-17 20:22:22,605 - INFO - Search query for emotion 'happy': heat waves-glass animals
2024-12-17 20:22:22,606 - INFO - Searching for song: heat waves-glass animals
2024-12-17 20:22:23,195 - INFO - Fetching related songs for video_id: XDjB9E3YtUE, artists: Glass Animals
2024-12-17 20:22:29,070 - INFO - Search query for emotion 'happy': Illuminati - From Aavesham
2024-12-17 20:22:29,484 - INFO - Searching for song: Illuminati - From Aavesham
2024-12-17 20:22:30,439 - INFO - Fetching related songs for video_id: S1jo8K4kDJc, artists: Sushin Shyam, Dabzee, Vinayak Sasikumar
2024-12-17 20:23:32,605 - INFO - Search query for emotion 'starter': lover diljit
2024-12-17 20:23:32,607 - INFO - Searching for song: lover diljit
2024-12-17 20:23:33,003 - INFO - Fetching related songs for video_id: KLBtgOzNAgI, artists: Diljit Dosanjh
2024-12-17 20:23:38,554 - INFO - Search query for emotion 'happy': India Waale
2024-12-17 20:23:38,836 - INFO - Searching for song: India Waale
2024-12-17 20:23:39,544 - INFO - Fetching related songs for video_id: XHpXUyxyOjo, artists: NEETI MOHAN, VISHAL DADLANI, K.K., SHANKAR MAHADEVAN, VISHAL-SHEKHAR, and IRSHAD KAMIL
2024-12-17 20:23:43,174 - INFO - Search query for emotion 'happy': Dwapara- Krishnam Pranaya
2024-12-17 20:23:44,076 - INFO - Searching for song: Dwapara- Krishnam Pranaya
2024-12-17 20:23:46,212 - INFO - Fetching related songs for video_id: C93Tcb9wJRE, artists: Jaskaran Singh
2024-12-17 20:23:48,395 - INFO - Search query for emotion 'happy': Arabic Kuthu - Halamithi Habibo
2024-12-17 20:23:48,395 - INFO - Searching for song: Arabic Kuthu - Halamithi Habibo
2024-12-17 20:23:48,931 - INFO - Fetching related songs for video_id: 9nRvqemGydw, artists: Anirudh Ravichander, Jonita Gandhi
2024-12-17 20:23:53,746 - INFO - Search query for emotion 'happy': Chaleya
2024-12-17 20:23:53,748 - INFO - Searching for song: Chaleya
2024-12-17 20:23:54,241 - INFO - Fetching related songs for video_id: V_jp5_VAzXk, artists: Arijit Singh, Shilpa Rao
2024-12-17 20:23:57,772 - INFO - Search query for emotion 'happy': guruvara sanje song
2024-12-17 20:23:57,774 - INFO - Searching for song: guruvara sanje song
2024-12-17 20:23:58,396 - INFO - Fetching related songs for video_id: bmpfE1MOt-s, artists: Puneeth Rajkumar
2024-12-17 20:25:23,465 - INFO - Search query for emotion 'starter': lover diljit
2024-12-17 20:25:23,465 - INFO - Searching for song: lover diljit
2024-12-17 20:25:23,994 - INFO - Fetching related songs for video_id: KLBtgOzNAgI, artists: Diljit Dosanjh
2024-12-17 20:25:30,725 - INFO - Search query for emotion 'happy': Chuttamalle
2024-12-17 20:25:30,951 - INFO - Searching for song: Chuttamalle
2024-12-17 20:25:31,676 - INFO - Fetching related songs for video_id: nZiJTYiujUs, artists: Shilpa Rao
2024-12-17 20:25:36,438 - INFO - Search query for emotion 'neutral': Ninna Gungalli
2024-12-17 20:25:36,742 - INFO - Searching for song: Ninna Gungalli
2024-12-17 20:25:38,485 - INFO - Fetching related songs for video_id: KhC4CQ32Ew8, artists: Adhvik
2024-12-17 20:25:43,298 - INFO - Search query for emotion 'sad': Yenagali Munde Saagu Nee
2024-12-17 20:25:43,298 - INFO - Searching for song: Yenagali Munde Saagu Nee
2024-12-17 20:25:43,669 - INFO - Fetching related songs for video_id: 2EWVlyg6rDM, artists: Sonu Nigam
2024-12-17 20:25:50,397 - INFO - Search query for emotion 'sad': Olithu Maadu Manusa-C Ashwath
2024-12-17 20:25:50,398 - INFO - Searching for song: Olithu Maadu Manusa-C Ashwath
2024-12-17 20:25:51,612 - INFO - Fetching related songs for video_id: dtmr-rDIR6s, artists: Lahari Bhavageethegalu & Folk - T-Series
2024-12-17 20:25:56,018 - INFO - Search query for emotion 'surprised': Starboy
2024-12-17 20:25:56,294 - INFO - Searching for song: Starboy
2024-12-17 20:25:56,993 - INFO - Fetching related songs for video_id: 3_g2un5M350, artists: The Weeknd
2024-12-17 20:26:00,599 - INFO - Search query for emotion 'happy': Aasa Kooda
2024-12-17 20:26:00,600 - INFO - Searching for song: Aasa Kooda
2024-12-17 20:26:04,540 - INFO - Fetching related songs for video_id: rVqcPUQ2YXI, artists: Sai Abhyankkar, Sai Smriti
2024-12-17 20:26:07,042 - INFO - Search query for emotion 'angry': Krishna Flute
2024-12-17 20:26:07,043 - INFO - Searching for song: Krishna Flute
2024-12-17 20:26:09,253 - INFO - Fetching related songs for video_id: 91iGTV2HNbY, artists: Supernatural Brainwave Power
2024-12-17 20:26:42,614 - INFO - Search query for emotion 'angry': Agam Agarwal Shree Hari Stotram
2024-12-17 20:26:42,614 - INFO - Searching for song: Agam Agarwal Shree Hari Stotram
2024-12-17 20:26:43,255 - INFO - Fetching related songs for video_id: PTaPA-odTpM, artists: Agam Aggarwal
2024-12-17 20:27:32,204 - INFO - Fetching related songs for video_id: hQ89M2y8XPc, artists: Sonika Sharma Aga..
2024-12-17 20:27:50,561 - INFO - Searching for song: santhoshakke
2024-12-17 20:27:51,126 - INFO - Fetching related songs for video_id: 91zoUgVeSGQ, artists: S. P. Balasubrahmanyam
2024-12-17 20:28:11,014 - INFO - Search query for emotion 'happy': Jeena Jeena Ya
2024-12-17 20:28:11,017 - INFO - Searching for song: Jeena Jeena Ya
2024-12-17 20:28:11,507 - INFO - Fetching related songs for video_id: j_I0X--3ctM, artists: Shaan
2024-12-17 20:28:16,130 - INFO - Search query for emotion 'happy': Bhool Bhulaivaa 2 Title
2024-12-17 20:28:16,130 - INFO - Searching for song: Bhool Bhulaivaa 2 Title
2024-12-17 20:28:16,614 - INFO - Fetching related songs for video_id: nfSZZSHw0Cw, artists: Neeraj Shridhar, Mellow D, Bob
2024-12-17 21:05:22,141 - INFO - Search query for emotion 'starter': lover diljit
2024-12-17 21:05:22,141 - INFO - Searching for song: lover diljit
2024-12-17 21:05:22,789 - INFO - Fetching related songs for video_id: KLBtgOzNAgI, artists: Diljit Dosanjh
2024-12-17 21:05:34,461 - INFO - Fetching related songs for video_id: wEG8y7r4aY4, artists: Mitraz
2024-12-17 21:05:50,744 - INFO - Search query for emotion 'starter': lover diljit
2024-12-17 21:05:50,744 - INFO - Searching for song: lover diljit
2024-12-17 21:05:51,200 - INFO - Fetching related songs for video_id: KLBtgOzNAgI, artists: Diljit Dosanjh
